<?xml version="1.0" encoding="UTF-8"?>
<testng-results skipped="0" failed="0" total="1" passed="1">
  <reporter-output>
  </reporter-output>
  <suite name="Suite" duration-ms="68531" started-at="2019-08-21T01:40:11Z" finished-at="2019-08-21T01:41:20Z">
    <groups>
    </groups>
    <test name="Test" duration-ms="68531" started-at="2019-08-21T01:40:11Z" finished-at="2019-08-21T01:41:20Z">
      <class name="org.isb.training.selenium.LoadTest2">
        <test-method status="PASS" signature="beforeClass()[pri:0, instance:org.isb.training.selenium.LoadTest2@68c4039c]" name="beforeClass" is-config="true" duration-ms="4354" started-at="2019-08-20T21:40:11Z" finished-at="2019-08-20T21:40:15Z">
          <reporter-output>
          </reporter-output>
        </test-method> <!-- beforeClass -->
        <test-method status="PASS" signature="verifySearchButton()[pri:0, instance:org.isb.training.selenium.LoadTest2@68c4039c]" name="verifySearchButton" duration-ms="63392" started-at="2019-08-20T21:40:15Z" finished-at="2019-08-20T21:41:19Z">
          <reporter-output>
          </reporter-output>
        </test-method> <!-- verifySearchButton -->
        <test-method status="PASS" signature="afterClass()[pri:0, instance:org.isb.training.selenium.LoadTest2@68c4039c]" name="afterClass" is-config="true" duration-ms="768" started-at="2019-08-20T21:41:19Z" finished-at="2019-08-20T21:41:19Z">
          <reporter-output>
          </reporter-output>
        </test-method> <!-- afterClass -->
      </class> <!-- org.isb.training.selenium.LoadTest2 -->
    </test> <!-- Test -->
  </suite> <!-- Suite -->
</testng-results>
